0 info it worked if it ends with ok
1 verbose cli [ '/usr/local/bin/node',
1 verbose cli   '/usr/local/bin/npm',
1 verbose cli   'run',
1 verbose cli   'test-core' ]
2 info using npm@4.1.2
3 info using node@v7.5.0
4 verbose run-script [ 'pretest-core', 'test-core', 'posttest-core' ]
5 info lifecycle enzyme-to-json@~pretest-core: enzyme-to-json@
6 silly lifecycle enzyme-to-json@~pretest-core: no script for pretest-core, continuing
7 info lifecycle enzyme-to-json@~test-core: enzyme-to-json@
8 verbose lifecycle enzyme-to-json@~test-core: unsafe-perm in lifecycle true
9 verbose lifecycle enzyme-to-json@~test-core: PATH: /usr/local/lib/node_modules/npm/bin/node-gyp-bin:/Users/adrien/Projects/enzyme-to-json/node_modules/.bin:/Users/adrien/Projects/enzyme-to-json/node_modules/.bin:/Users/adrien/.config/yarn/link/node_modules/.bin:/Users/adrien/Projects/enzyme-to-json/node_modules/.bin:/Users/adrien/.config/yarn/link/node_modules/.bin:/usr/local/Cellar/yarn/0.19.1/libexec/lib/node_modules/yarn/bin/node-gyp-bin:~/.yarn/bin:/usr/local/bin:/bin:/sbin:/usr/bin:/usr/local/sbin:/usr/local/bin:/usr/local/bin:/usr/bin:/bin:/usr/sbin:/sbin:/Users/adrien/.fzf/bin:/Users/adrien/Projects/go//bin
10 verbose lifecycle enzyme-to-json@~test-core: CWD: /Users/adrien/Projects/enzyme-to-json
11 silly lifecycle enzyme-to-json@~test-core: Args: [ '-c', 'NODE_ENV=test jest --coverage' ]
12 silly lifecycle enzyme-to-json@~test-core: Returned: code: 1  signal: null
13 info lifecycle enzyme-to-json@~test-core: Failed to exec test-core script
14 verbose stack Error: enzyme-to-json@ test-core: `NODE_ENV=test jest --coverage`
14 verbose stack Exit status 1
14 verbose stack     at EventEmitter.<anonymous> (/usr/local/lib/node_modules/npm/lib/utils/lifecycle.js:279:16)
14 verbose stack     at emitTwo (events.js:106:13)
14 verbose stack     at EventEmitter.emit (events.js:192:7)
14 verbose stack     at ChildProcess.<anonymous> (/usr/local/lib/node_modules/npm/lib/utils/spawn.js:40:14)
14 verbose stack     at emitTwo (events.js:106:13)
14 verbose stack     at ChildProcess.emit (events.js:192:7)
14 verbose stack     at maybeClose (internal/child_process.js:890:16)
14 verbose stack     at Process.ChildProcess._handle.onexit (internal/child_process.js:226:5)
15 verbose pkgid enzyme-to-json@
16 verbose cwd /Users/adrien/Projects/enzyme-to-json
17 error Darwin 16.4.0
18 error argv "/usr/local/bin/node" "/usr/local/bin/npm" "run" "test-core"
19 error node v7.5.0
20 error npm  v4.1.2
21 error code ELIFECYCLE
22 error enzyme-to-json@ test-core: `NODE_ENV=test jest --coverage`
22 error Exit status 1
23 error Failed at the enzyme-to-json@ test-core script 'NODE_ENV=test jest --coverage'.
23 error Make sure you have the latest version of node.js and npm installed.
23 error If you do, this is most likely a problem with the enzyme-to-json package,
23 error not with npm itself.
23 error Tell the author that this fails on your system:
23 error     NODE_ENV=test jest --coverage
23 error You can get information on how to open an issue for this project with:
23 error     npm bugs enzyme-to-json
23 error Or if that isn't available, you can get their info via:
23 error     npm owner ls enzyme-to-json
23 error There is likely additional logging output above.
24 verbose exit [ 1, true ]
